# JRE version: OpenJDK Runtime Environment Temurin-21.0.9+10 (21.0.9+10) (build 21.0.9+10-LTS)
# Java VM: OpenJDK 64-Bit Server VM Temurin-21.0.9+10 (21.0.9+10-LTS, mixed mode, sharing, tiered, compressed oops, compressed class ptrs, parallel gc, windows-amd64)
GC Precious Log:
 CardTable entry size: 512
 CPUs: 8 total, 8 available
 Memory: 8025M
 Large Page Support: Disabled
 NUMA Support: Disabled
 Compressed Oops: Enabled (32-bit)
 Alignments: Space 512K, Generation 512K, Heap 2M
 Heap Min Capacity: 100M
 Heap Initial Capacity: 100M
 Heap Max Capacity: 2G
 Pre-touch: Disabled
 Parallel Workers: 8
Heap:
 PSYoungGen      total 19456K, used 12509K [0x00000000d5580000, 0x00000000d6b80000, 0x0000000100000000)
  eden space 17408K, 60% used [0x00000000d5580000,0x00000000d5fbc268,0x00000000d6680000)
  from space 2048K, 99% used [0x00000000d6780000,0x00000000d697b470,0x00000000d6980000)
  to   space 2048K, 0% used [0x00000000d6980000,0x00000000d6980000,0x00000000d6b80000)
 ParOldGen       total 68608K, used 48067K [0x0000000080000000, 0x0000000084300000, 0x00000000d5580000)
  object space 68608K, 70% used [0x0000000080000000,0x0000000082ef0dc0,0x0000000084300000)
 Metaspace       used 71951K, committed 73280K, reserved 1179648K
  class space    used 7004K, committed 7616K, reserved 1048576K
GC Heap History (20 events):
Event: 57.721 GC heap before
{Heap before GC invocations=39 (full 3):
 PSYoungGen      total 18944K, used 1384K [0x00000000d5580000, 0x00000000d6a80000, 0x0000000100000000)
  eden space 17408K, 0% used [0x00000000d5580000,0x00000000d5580000,0x00000000d6680000)
  from space 1536K, 90% used [0x00000000d6900000,0x00000000d6a5a350,0x00000000d6a80000)
  to   space 2048K, 0% used [0x00000000d6680000,0x00000000d6680000,0x00000000d6880000)
 ParOldGen       total 68608K, used 45497K [0x0000000080000000, 0x0000000084300000, 0x00000000d5580000)
  object space 68608K, 66% used [0x0000000080000000,0x0000000082c6e458,0x0000000084300000)
 Metaspace       used 58650K, committed 59776K, reserved 1114112K
  class space    used 5795K, committed 6272K, reserved 1048576K
}
Event: 57.813 GC heap after
{Heap after GC invocations=39 (full 3):
 PSYoungGen      total 18944K, used 0K [0x00000000d5580000, 0x00000000d6a80000, 0x0000000100000000)
  eden space 17408K, 0% used [0x00000000d5580000,0x00000000d5580000,0x00000000d6680000)
  from space 1536K, 0% used [0x00000000d6900000,0x00000000d6900000,0x00000000d6a80000)
  to   space 2048K, 0% used [0x00000000d6680000,0x00000000d6680000,0x00000000d6880000)
 ParOldGen       total 68608K, used 38660K [0x0000000080000000, 0x0000000084300000, 0x00000000d5580000)
  object space 68608K, 56% used [0x0000000080000000,0x00000000825c1390,0x0000000084300000)
 Metaspace       used 58650K, committed 59776K, reserved 1114112K
  class space    used 5795K, committed 6272K, reserved 1048576K
}
Event: 58.323 GC heap before
{Heap before GC invocations=40 (full 3):
 PSYoungGen      total 18944K, used 17408K [0x00000000d5580000, 0x00000000d6a80000, 0x0000000100000000)
  eden space 17408K, 100% used [0x00000000d5580000,0x00000000d6680000,0x00000000d6680000)
  from space 1536K, 0% used [0x00000000d6900000,0x00000000d6900000,0x00000000d6a80000)
  to   space 2048K, 0% used [0x00000000d6680000,0x00000000d6680000,0x00000000d6880000)
 ParOldGen       total 68608K, used 38660K [0x0000000080000000, 0x0000000084300000, 0x00000000d5580000)
  object space 68608K, 56% used [0x0000000080000000,0x00000000825c1390,0x0000000084300000)
 Metaspace       used 61125K, committed 62208K, reserved 1114112K
  class space    used 6015K, committed 6464K, reserved 1048576K
}
Event: 58.325 GC heap after
{Heap after GC invocations=40 (full 3):
 PSYoungGen      total 19456K, used 2024K [0x00000000d5580000, 0x00000000d6d80000, 0x0000000100000000)
  eden space 17408K, 0% used [0x00000000d5580000,0x00000000d5580000,0x00000000d6680000)
  from space 2048K, 98% used [0x00000000d6680000,0x00000000d687a000,0x00000000d6880000)
  to   space 3584K, 0% used [0x00000000d6a00000,0x00000000d6a00000,0x00000000d6d80000)
 ParOldGen       total 68608K, used 39819K [0x0000000080000000, 0x0000000084300000, 0x00000000d5580000)
  object space 68608K, 58% used [0x0000000080000000,0x00000000826e2fd8,0x0000000084300000)
 Metaspace       used 61125K, committed 62208K, reserved 1114112K
  class space    used 6015K, committed 6464K, reserved 1048576K
}
Event: 58.773 GC heap before
{Heap before GC invocations=41 (full 3):
 PSYoungGen      total 19456K, used 19432K [0x00000000d5580000, 0x00000000d6d80000, 0x0000000100000000)
  eden space 17408K, 100% used [0x00000000d5580000,0x00000000d6680000,0x00000000d6680000)
  from space 2048K, 98% used [0x00000000d6680000,0x00000000d687a000,0x00000000d6880000)
  to   space 3584K, 0% used [0x00000000d6a00000,0x00000000d6a00000,0x00000000d6d80000)
 ParOldGen       total 68608K, used 39819K [0x0000000080000000, 0x0000000084300000, 0x00000000d5580000)
  object space 68608K, 58% used [0x0000000080000000,0x00000000826e2fd8,0x0000000084300000)
 Metaspace       used 61956K, committed 63104K, reserved 1114112K
  class space    used 6107K, committed 6592K, reserved 1048576K
}
Event: 58.775 GC heap after
{Heap after GC invocations=41 (full 3):
 PSYoungGen      total 17920K, used 352K [0x00000000d5580000, 0x00000000d6a80000, 0x0000000100000000)
  eden space 17408K, 0% used [0x00000000d5580000,0x00000000d5580000,0x00000000d6680000)
  from space 512K, 68% used [0x00000000d6a00000,0x00000000d6a58000,0x00000000d6a80000)
  to   space 1536K, 0% used [0x00000000d6780000,0x00000000d6780000,0x00000000d6900000)
 ParOldGen       total 68608K, used 41857K [0x0000000080000000, 0x0000000084300000, 0x00000000d5580000)
  object space 68608K, 61% used [0x0000000080000000,0x00000000828e0520,0x0000000084300000)
 Metaspace       used 61956K, committed 63104K, reserved 1114112K
  class space    used 6107K, committed 6592K, reserved 1048576K
}
Event: 59.163 GC heap before
{Heap before GC invocations=42 (full 3):
 PSYoungGen      total 17920K, used 17760K [0x00000000d5580000, 0x00000000d6a80000, 0x0000000100000000)
  eden space 17408K, 100% used [0x00000000d5580000,0x00000000d6680000,0x00000000d6680000)
  from space 512K, 68% used [0x00000000d6a00000,0x00000000d6a58000,0x00000000d6a80000)
  to   space 1536K, 0% used [0x00000000d6780000,0x00000000d6780000,0x00000000d6900000)
 ParOldGen       total 68608K, used 41857K [0x0000000080000000, 0x0000000084300000, 0x00000000d5580000)
  object space 68608K, 61% used [0x0000000080000000,0x00000000828e0520,0x0000000084300000)
 Metaspace       used 63192K, committed 64384K, reserved 1114112K
  class space    used 6214K, committed 6720K, reserved 1048576K
}
Event: 59.166 GC heap after
{Heap after GC invocations=42 (full 3):
 PSYoungGen      total 18944K, used 1533K [0x00000000d5580000, 0x00000000d6b80000, 0x0000000100000000)
  eden space 17408K, 0% used [0x00000000d5580000,0x00000000d5580000,0x00000000d6680000)
  from space 1536K, 99% used [0x00000000d6780000,0x00000000d68ff4e8,0x00000000d6900000)
  to   space 2560K, 0% used [0x00000000d6900000,0x00000000d6900000,0x00000000d6b80000)
 ParOldGen       total 68608K, used 42273K [0x0000000080000000, 0x0000000084300000, 0x00000000d5580000)
  object space 68608K, 61% used [0x0000000080000000,0x0000000082948520,0x0000000084300000)
 Metaspace       used 63192K, committed 64384K, reserved 1114112K
  class space    used 6214K, committed 6720K, reserved 1048576K
}
Event: 59.259 GC heap before
{Heap before GC invocations=43 (full 3):
 PSYoungGen      total 18944K, used 18941K [0x00000000d5580000, 0x00000000d6b80000, 0x0000000100000000)
  eden space 17408K, 100% used [0x00000000d5580000,0x00000000d6680000,0x00000000d6680000)
  from space 1536K, 99% used [0x00000000d6780000,0x00000000d68ff4e8,0x00000000d6900000)
  to   space 2560K, 0% used [0x00000000d6900000,0x00000000d6900000,0x00000000d6b80000)
 ParOldGen       total 68608K, used 42273K [0x0000000080000000, 0x0000000084300000, 0x00000000d5580000)
  object space 68608K, 61% used [0x0000000080000000,0x0000000082948520,0x0000000084300000)
 Metaspace       used 63221K, committed 64384K, reserved 1114112K
  class space    used 6214K, committed 6720K, reserved 1048576K
}
Event: 59.261 GC heap after
{Heap after GC invocations=43 (full 3):
 PSYoungGen      total 18432K, used 726K [0x00000000d5580000, 0x00000000d6a00000, 0x0000000100000000)
  eden space 17408K, 0% used [0x00000000d5580000,0x00000000d5580000,0x00000000d6680000)
  from space 1024K, 70% used [0x00000000d6900000,0x00000000d69b59b0,0x00000000d6a00000)
  to   space 1536K, 0% used [0x00000000d6700000,0x00000000d6700000,0x00000000d6880000)
 ParOldGen       total 68608K, used 43189K [0x0000000080000000, 0x0000000084300000, 0x00000000d5580000)
  object space 68608K, 62% used [0x0000000080000000,0x0000000082a2d698,0x0000000084300000)
 Metaspace       used 63221K, committed 64384K, reserved 1114112K
  class space    used 6214K, committed 6720K, reserved 1048576K
}
Event: 59.377 GC heap before
{Heap before GC invocations=44 (full 3):
 PSYoungGen      total 18432K, used 18134K [0x00000000d5580000, 0x00000000d6a00000, 0x0000000100000000)
  eden space 17408K, 100% used [0x00000000d5580000,0x00000000d6680000,0x00000000d6680000)
  from space 1024K, 70% used [0x00000000d6900000,0x00000000d69b59b0,0x00000000d6a00000)
  to   space 1536K, 0% used [0x00000000d6700000,0x00000000d6700000,0x00000000d6880000)
 ParOldGen       total 68608K, used 43189K [0x0000000080000000, 0x0000000084300000, 0x00000000d5580000)
  object space 68608K, 62% used [0x0000000080000000,0x0000000082a2d698,0x0000000084300000)
 Metaspace       used 63765K, committed 64960K, reserved 1114112K
  class space    used 6261K, committed 6784K, reserved 1048576K
}
Event: 59.378 GC heap after
{Heap after GC invocations=44 (full 3):
 PSYoungGen      total 18944K, used 224K [0x00000000d5580000, 0x00000000d6980000, 0x0000000100000000)
  eden space 17408K, 0% used [0x00000000d5580000,0x00000000d5580000,0x00000000d6680000)
  from space 1536K, 14% used [0x00000000d6700000,0x00000000d6738000,0x00000000d6880000)
  to   space 512K, 0% used [0x00000000d6900000,0x00000000d6900000,0x00000000d6980000)
 ParOldGen       total 68608K, used 43213K [0x0000000080000000, 0x0000000084300000, 0x00000000d5580000)
  object space 68608K, 62% used [0x0000000080000000,0x0000000082a33698,0x0000000084300000)
 Metaspace       used 63765K, committed 64960K, reserved 1114112K
  class space    used 6261K, committed 6784K, reserved 1048576K
}
Event: 59.881 GC heap before
{Heap before GC invocations=45 (full 3):
 PSYoungGen      total 18944K, used 17632K [0x00000000d5580000, 0x00000000d6980000, 0x0000000100000000)
  eden space 17408K, 100% used [0x00000000d5580000,0x00000000d6680000,0x00000000d6680000)
  from space 1536K, 14% used [0x00000000d6700000,0x00000000d6738000,0x00000000d6880000)
  to   space 512K, 0% used [0x00000000d6900000,0x00000000d6900000,0x00000000d6980000)
 ParOldGen       total 68608K, used 43213K [0x0000000080000000, 0x0000000084300000, 0x00000000d5580000)
  object space 68608K, 62% used [0x0000000080000000,0x0000000082a33698,0x0000000084300000)
 Metaspace       used 66268K, committed 67520K, reserved 1114112K
  class space    used 6492K, committed 7040K, reserved 1048576K
}
Event: 59.882 GC heap after
{Heap after GC invocations=45 (full 3):
 PSYoungGen      total 17920K, used 498K [0x00000000d5580000, 0x00000000d6980000, 0x0000000100000000)
  eden space 17408K, 0% used [0x00000000d5580000,0x00000000d5580000,0x00000000d6680000)
  from space 512K, 97% used [0x00000000d6900000,0x00000000d697c858,0x00000000d6980000)
  to   space 1024K, 0% used [0x00000000d6780000,0x00000000d6780000,0x00000000d6880000)
 ParOldGen       total 68608K, used 43541K [0x0000000080000000, 0x0000000084300000, 0x00000000d5580000)
  object space 68608K, 63% used [0x0000000080000000,0x0000000082a856c8,0x0000000084300000)
 Metaspace       used 66268K, committed 67520K, reserved 1114112K
  class space    used 6492K, committed 7040K, reserved 1048576K
}
Event: 60.295 GC heap before
{Heap before GC invocations=46 (full 3):
 PSYoungGen      total 17920K, used 17906K [0x00000000d5580000, 0x00000000d6980000, 0x0000000100000000)
  eden space 17408K, 100% used [0x00000000d5580000,0x00000000d6680000,0x00000000d6680000)
  from space 512K, 97% used [0x00000000d6900000,0x00000000d697c858,0x00000000d6980000)
  to   space 1024K, 0% used [0x00000000d6780000,0x00000000d6780000,0x00000000d6880000)
 ParOldGen       total 68608K, used 43541K [0x0000000080000000, 0x0000000084300000, 0x00000000d5580000)
  object space 68608K, 63% used [0x0000000080000000,0x0000000082a856c8,0x0000000084300000)
 Metaspace       used 67702K, committed 68928K, reserved 1114112K
  class space    used 6629K, committed 7168K, reserved 1048576K
}
Event: 60.299 GC heap after
{Heap after GC invocations=46 (full 3):
 PSYoungGen      total 18432K, used 1011K [0x00000000d5580000, 0x00000000d6f80000, 0x0000000100000000)
  eden space 17408K, 0% used [0x00000000d5580000,0x00000000d5580000,0x00000000d6680000)
  from space 1024K, 98% used [0x00000000d6780000,0x00000000d687cfd0,0x00000000d6880000)
  to   space 4608K, 0% used [0x00000000d6b00000,0x00000000d6b00000,0x00000000d6f80000)
 ParOldGen       total 68608K, used 46394K [0x0000000080000000, 0x0000000084300000, 0x00000000d5580000)
  object space 68608K, 67% used [0x0000000080000000,0x0000000082d4eb18,0x0000000084300000)
 Metaspace       used 67702K, committed 68928K, reserved 1114112K
  class space    used 6629K, committed 7168K, reserved 1048576K
}
Event: 60.855 GC heap before
{Heap before GC invocations=47 (full 3):
 PSYoungGen      total 18432K, used 18419K [0x00000000d5580000, 0x00000000d6f80000, 0x0000000100000000)
  eden space 17408K, 100% used [0x00000000d5580000,0x00000000d6680000,0x00000000d6680000)
  from space 1024K, 98% used [0x00000000d6780000,0x00000000d687cfd0,0x00000000d6880000)
  to   space 4608K, 0% used [0x00000000d6b00000,0x00000000d6b00000,0x00000000d6f80000)
 ParOldGen       total 68608K, used 46394K [0x0000000080000000, 0x0000000084300000, 0x00000000d5580000)
  object space 68608K, 67% used [0x0000000080000000,0x0000000082d4eb18,0x0000000084300000)
 Metaspace       used 70008K, committed 71296K, reserved 1114112K
  class space    used 6836K, committed 7424K, reserved 1048576K
}
Event: 60.857 GC heap after
{Heap after GC invocations=47 (full 3):
 PSYoungGen      total 18944K, used 1344K [0x00000000d5580000, 0x00000000d6c80000, 0x0000000100000000)
  eden space 17408K, 0% used [0x00000000d5580000,0x00000000d5580000,0x00000000d6680000)
  from space 1536K, 87% used [0x00000000d6b00000,0x00000000d6c50070,0x00000000d6c80000)
  to   space 2560K, 0% used [0x00000000d6780000,0x00000000d6780000,0x00000000d6a00000)
 ParOldGen       total 68608K, used 46881K [0x0000000080000000, 0x0000000084300000, 0x00000000d5580000)
  object space 68608K, 68% used [0x0000000080000000,0x0000000082dc8588,0x0000000084300000)
 Metaspace       used 70008K, committed 71296K, reserved 1114112K
  class space    used 6836K, committed 7424K, reserved 1048576K
}
Event: 61.099 GC heap before
{Heap before GC invocations=48 (full 3):
 PSYoungGen      total 18944K, used 18752K [0x00000000d5580000, 0x00000000d6c80000, 0x0000000100000000)
  eden space 17408K, 100% used [0x00000000d5580000,0x00000000d6680000,0x00000000d6680000)
  from space 1536K, 87% used [0x00000000d6b00000,0x00000000d6c50070,0x00000000d6c80000)
  to   space 2560K, 0% used [0x00000000d6780000,0x00000000d6780000,0x00000000d6a00000)
 ParOldGen       total 68608K, used 46881K [0x0000000080000000, 0x0000000084300000, 0x00000000d5580000)
  object space 68608K, 68% used [0x0000000080000000,0x0000000082dc8588,0x0000000084300000)
 Metaspace       used 71525K, committed 72832K, reserved 1114112K
  class space    used 6974K, committed 7552K, reserved 1048576K
}
Event: 61.102 GC heap after
{Heap after GC invocations=48 (full 3):
 PSYoungGen      total 19456K, used 2029K [0x00000000d5580000, 0x00000000d6b80000, 0x0000000100000000)
  eden space 17408K, 0% used [0x00000000d5580000,0x00000000d5580000,0x00000000d6680000)
  from space 2048K, 99% used [0x00000000d6780000,0x00000000d697b470,0x00000000d6980000)
  to   space 2048K, 0% used [0x00000000d6980000,0x00000000d6980000,0x00000000d6b80000)
 ParOldGen       total 68608K, used 48067K [0x0000000080000000, 0x0000000084300000, 0x00000000d5580000)
  object space 68608K, 70% used [0x0000000080000000,0x0000000082ef0dc0,0x0000000084300000)
 Metaspace       used 71525K, committed 72832K, reserved 1114112K
  class space    used 6974K, committed 7552K, reserved 1048576K
}

